2019/10/10 12:07:12 test.go:13: Hello, world!
2019/10/10 12:08:20 test.go:13: Hello, world!
2019/10/10 12:08:26 test.go:13: Hello, world!
2019/10/10 12:08:27 test.go:13: Hello, world!
2019/10/10 12:13:23 test.go:15: Hello, world!
2019/10/10 12:28:59 test.go:15: Hello, world!
2019/10/10 12:29:15 test.go:15: Hello, world!
2019/10/10 13:07:07 errorutils.go:13: hhhhh <nil>
2019/10/10 13:09:01 errorutils.go:12: hhhhh <nil>
2019/10/10 21:39:24 net_utils.go:14: Client listen tcp at: 8848
2019/10/10 21:39:31 socks5.go:149: Client accepted!
2019/10/10 21:39:31 socks5.go:199: Request remote lp-push-server-543.lastpass.com:443
2019/10/10 21:39:47 socks5.go:149: Client accepted!
2019/10/10 21:39:47 socks5.go:199: Request remote www.zhihu.com:443
2019/10/10 21:39:48 socks5.go:149: Client accepted!
2019/10/10 21:39:48 socks5.go:199: Request remote zhihu-web-analytics.zhihu.com:443
2019/10/10 21:39:51 socks5.go:149: Client accepted!
2019/10/10 21:39:51 socks5.go:199: Request remote static.zhihu.com:443
2019/10/10 21:39:51 socks5.go:149: Client accepted!
2019/10/10 21:39:51 socks5.go:199: Request remote hm.baidu.com:443
2019/10/10 21:39:52 socks5.go:149: Client accepted!
2019/10/10 21:39:52 socks5.go:199: Request remote unpkg.zhimg.com:443
2019/10/10 21:39:52 socks5.go:149: Client accepted!
2019/10/10 21:39:52 socks5.go:149: Client accepted!
2019/10/10 21:39:52 socks5.go:199: Request remote pic4.zhimg.com:443
2019/10/10 21:39:52 socks5.go:199: Request remote pic1.zhimg.com:443
2019/10/10 21:39:52 socks5.go:149: Client accepted!
2019/10/10 21:39:52 socks5.go:199: Request remote unpkg.zhimg.com:443
2019/10/10 21:39:52 socks5.go:149: Client accepted!
2019/10/10 21:39:53 socks5.go:199: Request remote mqtt-web.zhihu.com:443
2019/10/10 21:39:53 socks5.go:149: Client accepted!
2019/10/10 21:39:53 socks5.go:199: Request remote hm.baidu.com:443
2019/10/10 21:39:58 socks5.go:149: Client accepted!
2019/10/10 21:39:58 socks5.go:199: Request remote pic3.zhimg.com:443
2019/10/10 21:39:59 socks5.go:149: Client accepted!
2019/10/10 21:39:59 socks5.go:199: Request remote mqtt-web.zhihu.com:443
2019/10/10 21:39:59 socks5.go:149: Client accepted!
2019/10/10 21:39:59 socks5.go:149: Client accepted!
2019/10/10 21:39:59 socks5.go:199: Request remote pic2.zhimg.com:443
2019/10/10 21:39:59 socks5.go:199: Request remote pay.zhihu.com:443
2019/10/10 21:40:00 relay.go:24: EOF
2019/10/10 21:40:00 relay.go:24: EOF
2019/10/10 21:40:02 socks5.go:149: Client accepted!
2019/10/10 21:40:09 relay.go:24: EOF
2019/10/10 21:40:16 relay.go:24: EOF
2019/10/10 21:40:16 relay.go:24: EOF
2019/10/10 21:40:23 socks5.go:199: Request remote clients4.google.com:443
2019/10/10 21:40:23 socks5.go:202: Dial failed!
2019/10/10 21:40:23 error_utils.go:18: Dial remote failed! dial tcp 172.217.27.142:443: connectex: A connection attempt failed because the connected party did not properly respond after a period of time, or established connection failed because connected host has failed to respond.
2019/10/10 21:40:25 relay.go:24: EOF
2019/10/10 21:40:25 relay.go:24: EOF
2019/10/10 21:40:25 socks5.go:149: Client accepted!
2019/10/10 21:40:25 socks5.go:199: Request remote www.zhihu.com:443
2019/10/10 21:40:32 relay.go:24: EOF
2019/10/10 21:40:35 relay.go:24: EOF
2019/10/10 21:40:35 socks5.go:149: Client accepted!
2019/10/10 21:40:35 relay.go:24: EOF
2019/10/10 21:40:35 relay.go:47: write tcp [::1]:8848->[::1]:59682: wsasend: An established connection was aborted by the software in your host machine.
2019/10/10 21:40:35 socks5.go:199: Request remote hm.baidu.com:443
2019/10/10 21:40:45 relay.go:24: EOF
2019/10/10 21:40:53 relay.go:24: EOF
2019/10/10 21:41:10 socks5.go:149: Client accepted!
2019/10/10 21:41:10 socks5.go:199: Request remote mtalk.google.com:443
2019/10/10 21:41:17 relay.go:24: EOF
2019/10/10 21:41:17 socks5.go:149: Client accepted!
2019/10/10 21:41:33 socks5.go:149: Client accepted!
2019/10/10 21:41:34 socks5.go:199: Request remote pollserver.lastpass.com:443
2019/10/10 21:41:38 socks5.go:199: Request remote clients4.google.com:443
2019/10/10 21:41:38 socks5.go:202: Dial failed!
2019/10/10 21:41:38 error_utils.go:18: Dial remote failed! dial tcp 172.217.27.142:443: connectex: A connection attempt failed because the connected party did not properly respond after a period of time, or established connection failed because connected host has failed to respond.
2019/10/10 21:41:47 relay.go:24: EOF
2019/10/10 21:41:58 relay.go:24: EOF
2019/10/10 21:41:58 relay.go:24: EOF
2019/10/10 21:41:58 relay.go:24: EOF
2019/10/10 21:41:58 relay.go:24: EOF
2019/10/10 21:41:59 relay.go:24: EOF
2019/10/10 21:41:59 relay.go:24: EOF
2019/10/10 21:42:00 relay.go:24: EOF
2019/10/10 21:42:00 relay.go:24: EOF
2019/10/10 21:42:14 relay.go:24: EOF
2019/10/10 21:42:14 relay.go:24: EOF
2019/10/10 21:42:25 relay.go:24: EOF
2019/10/10 21:42:25 relay.go:24: EOF
2019/10/10 21:43:00 relay.go:24: EOF
2019/10/10 21:43:00 relay.go:24: EOF
2019/10/10 21:43:06 socks5.go:149: Client accepted!
2019/10/10 21:43:06 socks5.go:199: Request remote static.zhihu.com:443
2019/10/10 21:43:06 socks5.go:149: Client accepted!
2019/10/10 21:43:06 relay.go:24: EOF
2019/10/10 21:43:06 socks5.go:149: Client accepted!
2019/10/10 21:43:06 relay.go:24: EOF
2019/10/10 21:43:06 relay.go:47: write tcp [::1]:8848->[::1]:59676: wsasend: An established connection was aborted by the software in your host machine.
2019/10/10 21:43:06 socks5.go:199: Request remote hm.baidu.com:443
2019/10/10 21:43:06 socks5.go:199: Request remote unpkg.zhimg.com:443
2019/10/10 21:43:07 socks5.go:149: Client accepted!
2019/10/10 21:43:07 socks5.go:199: Request remote unpkg.zhimg.com:443
2019/10/10 21:43:07 socks5.go:149: Client accepted!
2019/10/10 21:43:07 socks5.go:199: Request remote mqtt-web.zhihu.com:443
2019/10/10 21:43:07 socks5.go:149: Client accepted!
2019/10/10 21:43:07 socks5.go:199: Request remote hm.baidu.com:443
2019/10/10 21:43:13 relay.go:24: EOF
2019/10/10 21:43:13 relay.go:24: EOF
2019/10/10 22:45:01 net_utils.go:14: Client listen tcp at: 7777
2019/10/10 22:45:01 net_utils.go:14: Client listen tcp at: 8888
2019/10/10 22:48:09 portforward.go:18: Dial to localhost:1080 success!
2019/10/10 22:48:09 portforward.go:28: Dial to :7777 success!
2019/10/10 23:00:51 net_utils.go:14: Client listen tcp at: 7777
2019/10/10 23:00:51 net_utils.go:14: Client listen tcp at: 8888
2019/10/10 23:01:06 portforward.go:18: Dial to localhost:1080 success!
2019/10/10 23:01:06 portforward.go:28: Dial to :7777 success!
2019/10/10 23:04:03 net_utils.go:14: Client listen tcp at: 7777
2019/10/10 23:04:03 net_utils.go:14: Client listen tcp at: 8888
2019/10/10 23:04:07 portforward.go:18: Dial to localhost:1080 success!
2019/10/10 23:04:07 portforward.go:28: Dial to :7777 success!
2019/10/11 12:48:15 net_utils.go:14: Client listen tcp at: 7777
2019/10/11 12:48:15 net_utils.go:14: Client listen tcp at: 8888
2019/10/11 12:48:22 portforward.go:18: Dial to localhost:1080 success!
2019/10/11 12:48:22 portforward.go:28: Dial to :7777 success!
2019/10/11 12:48:22 portforward.go:32: Connect success, start forwarding...
2019/10/11 12:50:05 portforward.go:18: Dial to localhost:1080 success!
2019/10/11 12:50:10 net_utils.go:14: Client listen tcp at: 7777
2019/10/11 12:50:10 net_utils.go:14: Client listen tcp at: 8888
2019/10/11 12:50:15 portforward.go:18: Dial to localhost:1080 success!
2019/10/11 12:50:15 portforward.go:28: Dial to :7777 success!
2019/10/11 12:50:15 portforward.go:32: Connect success, start forwarding...
2019/10/11 12:50:15 portforward.go:49: Connect success, start forwarding...
2019/10/11 12:51:28 portforward.go:18: Dial to localhost:1080 success!
2019/10/11 12:51:34 net_utils.go:14: Client listen tcp at: 7777
2019/10/11 12:51:34 net_utils.go:14: Client listen tcp at: 8888
2019/10/11 12:51:39 portforward.go:18: Dial to localhost:1080 success!
2019/10/11 12:51:39 portforward.go:28: Dial to :7777 success!
2019/10/11 12:51:39 portforward.go:32: Connect success, start forwarding...
2019/10/11 12:51:44 portforward.go:49: Connect success, start forwarding...
2019/10/11 12:53:27 net_utils.go:14: Client listen tcp at: 7777
2019/10/11 12:53:27 net_utils.go:14: Client listen tcp at: 8888
2019/10/11 12:53:34 portforward.go:18: Dial to localhost:1080 success!
2019/10/11 12:53:35 portforward.go:28: Dial to :7777 success!
2019/10/11 12:53:35 portforward.go:32: Connect success, start forwarding...
2019/10/11 12:53:42 portforward.go:49: Connect success, start forwarding...
2019/10/11 12:57:39 net_utils.go:14: Client listen tcp at: 7777
2019/10/11 12:57:39 net_utils.go:14: Client listen tcp at: 8888
2019/10/11 12:57:44 portforward.go:18: Dial to localhost:1080 success!
2019/10/11 12:57:44 portforward.go:28: Dial to :7777 success!
2019/10/11 12:57:44 portforward.go:32: Connect success, start forwarding...
2019/10/11 12:57:48 portforward.go:49: Connect success, start forwarding...
2019/10/11 12:59:24 net_utils.go:14: Client listen tcp at: 7777
2019/10/11 12:59:24 net_utils.go:14: Client listen tcp at: 8888
2019/10/11 12:59:30 portforward.go:18: Dial to localhost:1080 success!
2019/10/11 12:59:30 portforward.go:28: Dial to :7777 success!
2019/10/11 12:59:30 portforward.go:32: Connect success, start forwarding...
2019/10/11 12:59:30 portforward.go:49: Connect success, start forwarding...
2019/10/11 12:59:31 portforward.go:18: Dial to localhost:1080 success!
2019/10/11 12:59:31 portforward.go:28: Dial to :7777 success!
2019/10/11 12:59:31 portforward.go:32: Connect success, start forwarding...
2019/10/11 12:59:31 portforward.go:49: Connect success, start forwarding...
2019/10/11 12:59:31 portforward.go:18: Dial to localhost:1080 success!
2019/10/11 12:59:31 portforward.go:28: Dial to :7777 success!
2019/10/11 12:59:31 portforward.go:32: Connect success, start forwarding...
2019/10/11 12:59:35 portforward.go:49: Connect success, start forwarding...
2019/10/11 12:59:35 portforward.go:18: Dial to localhost:1080 success!
2019/10/11 12:59:35 portforward.go:28: Dial to :7777 success!
2019/10/11 12:59:35 portforward.go:32: Connect success, start forwarding...
2019/10/11 12:59:35 portforward.go:49: Connect success, start forwarding...
2019/10/11 12:59:36 portforward.go:18: Dial to localhost:1080 success!
2019/10/11 12:59:36 portforward.go:28: Dial to :7777 success!
2019/10/11 12:59:36 portforward.go:32: Connect success, start forwarding...
2019/10/11 12:59:36 portforward.go:49: Connect success, start forwarding...
2019/10/11 12:59:37 portforward.go:18: Dial to localhost:1080 success!
2019/10/11 12:59:37 portforward.go:28: Dial to :7777 success!
2019/10/11 12:59:37 portforward.go:32: Connect success, start forwarding...
2019/10/11 12:59:37 portforward.go:49: Connect success, start forwarding...
2019/10/11 12:59:37 portforward.go:18: Dial to localhost:1080 success!
2019/10/11 12:59:37 portforward.go:28: Dial to :7777 success!
2019/10/11 12:59:37 portforward.go:32: Connect success, start forwarding...
2019/10/11 12:59:37 portforward.go:49: Connect success, start forwarding...
2019/10/11 12:59:38 portforward.go:18: Dial to localhost:1080 success!
2019/10/11 12:59:38 portforward.go:28: Dial to :7777 success!
2019/10/11 12:59:38 portforward.go:32: Connect success, start forwarding...
2019/10/11 12:59:38 portforward.go:49: Connect success, start forwarding...
2019/10/11 12:59:38 portforward.go:18: Dial to localhost:1080 success!
2019/10/11 12:59:38 portforward.go:28: Dial to :7777 success!
2019/10/11 12:59:38 portforward.go:32: Connect success, start forwarding...
2019/10/11 12:59:38 portforward.go:49: Connect success, start forwarding...
2019/10/11 12:59:39 portforward.go:18: Dial to localhost:1080 success!
2019/10/11 12:59:39 portforward.go:28: Dial to :7777 success!
2019/10/11 12:59:39 portforward.go:32: Connect success, start forwarding...
2019/10/11 12:59:39 portforward.go:49: Connect success, start forwarding...
2019/10/11 12:59:39 portforward.go:18: Dial to localhost:1080 success!
2019/10/11 12:59:39 portforward.go:28: Dial to :7777 success!
2019/10/11 12:59:39 portforward.go:32: Connect success, start forwarding...
2019/10/11 12:59:39 portforward.go:49: Connect success, start forwarding...
2019/10/11 12:59:40 portforward.go:18: Dial to localhost:1080 success!
2019/10/11 12:59:40 portforward.go:28: Dial to :7777 success!
2019/10/11 12:59:40 portforward.go:32: Connect success, start forwarding...
2019/10/11 12:59:40 portforward.go:49: Connect success, start forwarding...
2019/10/11 12:59:40 portforward.go:18: Dial to localhost:1080 success!
2019/10/11 12:59:40 portforward.go:28: Dial to :7777 success!
2019/10/11 12:59:40 portforward.go:32: Connect success, start forwarding...
2019/10/11 12:59:41 portforward.go:49: Connect success, start forwarding...
2019/10/11 12:59:41 portforward.go:18: Dial to localhost:1080 success!
2019/10/11 12:59:41 portforward.go:28: Dial to :7777 success!
2019/10/11 12:59:41 portforward.go:32: Connect success, start forwarding...
2019/10/11 12:59:41 portforward.go:49: Connect success, start forwarding...
2019/10/11 12:59:41 portforward.go:18: Dial to localhost:1080 success!
2019/10/11 12:59:41 portforward.go:28: Dial to :7777 success!
2019/10/11 12:59:41 portforward.go:32: Connect success, start forwarding...
2019/10/11 12:59:42 portforward.go:49: Connect success, start forwarding...
2019/10/11 12:59:42 portforward.go:18: Dial to localhost:1080 success!
2019/10/11 12:59:42 portforward.go:28: Dial to :7777 success!
2019/10/11 12:59:42 portforward.go:32: Connect success, start forwarding...
2019/10/11 12:59:42 portforward.go:49: Connect success, start forwarding...
2019/10/11 12:59:42 portforward.go:18: Dial to localhost:1080 success!
2019/10/11 12:59:42 portforward.go:28: Dial to :7777 success!
2019/10/11 12:59:42 portforward.go:32: Connect success, start forwarding...
2019/10/11 12:59:46 portforward.go:49: Connect success, start forwarding...
2019/10/11 12:59:46 portforward.go:18: Dial to localhost:1080 success!
2019/10/11 12:59:46 portforward.go:28: Dial to :7777 success!
2019/10/11 12:59:46 portforward.go:32: Connect success, start forwarding...
2019/10/11 12:59:47 portforward.go:49: Connect success, start forwarding...
2019/10/11 12:59:47 portforward.go:18: Dial to localhost:1080 success!
2019/10/11 12:59:47 portforward.go:28: Dial to :7777 success!
2019/10/11 12:59:47 portforward.go:32: Connect success, start forwarding...
2019/10/11 12:59:48 portforward.go:49: Connect success, start forwarding...
2019/10/11 12:59:48 portforward.go:18: Dial to localhost:1080 success!
2019/10/11 12:59:48 portforward.go:28: Dial to :7777 success!
2019/10/11 12:59:48 portforward.go:32: Connect success, start forwarding...
2019/10/11 12:59:50 portforward.go:49: Connect success, start forwarding...
2019/10/11 12:59:51 portforward.go:18: Dial to localhost:1080 success!
2019/10/11 12:59:51 portforward.go:28: Dial to :7777 success!
2019/10/11 12:59:51 portforward.go:32: Connect success, start forwarding...
2019/10/11 12:59:51 portforward.go:49: Connect success, start forwarding...
2019/10/11 12:59:51 portforward.go:18: Dial to localhost:1080 success!
2019/10/11 12:59:51 portforward.go:28: Dial to :7777 success!
2019/10/11 12:59:51 portforward.go:32: Connect success, start forwarding...
2019/10/11 12:59:52 portforward.go:49: Connect success, start forwarding...
2019/10/11 12:59:52 portforward.go:18: Dial to localhost:1080 success!
2019/10/11 12:59:52 portforward.go:28: Dial to :7777 success!
2019/10/11 12:59:52 portforward.go:32: Connect success, start forwarding...
2019/10/11 12:59:52 portforward.go:49: Connect success, start forwarding...
2019/10/11 12:59:52 portforward.go:18: Dial to localhost:1080 success!
2019/10/11 12:59:52 portforward.go:28: Dial to :7777 success!
2019/10/11 12:59:52 portforward.go:32: Connect success, start forwarding...
2019/10/11 12:59:53 portforward.go:49: Connect success, start forwarding...
2019/10/11 12:59:53 portforward.go:18: Dial to localhost:1080 success!
2019/10/11 12:59:53 portforward.go:28: Dial to :7777 success!
2019/10/11 12:59:53 portforward.go:32: Connect success, start forwarding...
2019/10/11 12:59:53 portforward.go:49: Connect success, start forwarding...
2019/10/11 12:59:53 portforward.go:18: Dial to localhost:1080 success!
2019/10/11 12:59:53 portforward.go:28: Dial to :7777 success!
2019/10/11 12:59:53 portforward.go:32: Connect success, start forwarding...
2019/10/11 12:59:54 portforward.go:49: Connect success, start forwarding...
2019/10/11 12:59:54 portforward.go:18: Dial to localhost:1080 success!
2019/10/11 12:59:54 portforward.go:28: Dial to :7777 success!
2019/10/11 12:59:54 portforward.go:32: Connect success, start forwarding...
2019/10/11 12:59:54 portforward.go:49: Connect success, start forwarding...
2019/10/11 12:59:54 portforward.go:18: Dial to localhost:1080 success!
2019/10/11 12:59:54 portforward.go:28: Dial to :7777 success!
2019/10/11 12:59:54 portforward.go:32: Connect success, start forwarding...
2019/10/11 12:59:55 portforward.go:49: Connect success, start forwarding...
2019/10/11 12:59:55 portforward.go:18: Dial to localhost:1080 success!
2019/10/11 12:59:55 portforward.go:28: Dial to :7777 success!
2019/10/11 12:59:55 portforward.go:32: Connect success, start forwarding...
2019/10/11 12:59:56 portforward.go:49: Connect success, start forwarding...
2019/10/11 12:59:56 portforward.go:18: Dial to localhost:1080 success!
2019/10/11 12:59:56 portforward.go:28: Dial to :7777 success!
2019/10/11 12:59:56 portforward.go:32: Connect success, start forwarding...
2019/10/11 12:59:56 portforward.go:49: Connect success, start forwarding...
2019/10/11 12:59:56 portforward.go:18: Dial to localhost:1080 success!
2019/10/11 12:59:56 portforward.go:28: Dial to :7777 success!
2019/10/11 12:59:56 portforward.go:32: Connect success, start forwarding...
2019/10/11 12:59:57 portforward.go:49: Connect success, start forwarding...
2019/10/11 12:59:57 portforward.go:18: Dial to localhost:1080 success!
2019/10/11 12:59:57 portforward.go:28: Dial to :7777 success!
2019/10/11 12:59:57 portforward.go:32: Connect success, start forwarding...
2019/10/11 12:59:57 portforward.go:49: Connect success, start forwarding...
2019/10/11 12:59:57 portforward.go:18: Dial to localhost:1080 success!
2019/10/11 12:59:57 portforward.go:28: Dial to :7777 success!
2019/10/11 12:59:57 portforward.go:32: Connect success, start forwarding...
2019/10/11 12:59:58 portforward.go:49: Connect success, start forwarding...
2019/10/11 12:59:58 portforward.go:18: Dial to localhost:1080 success!
2019/10/11 12:59:58 portforward.go:28: Dial to :7777 success!
2019/10/11 12:59:58 portforward.go:32: Connect success, start forwarding...
2019/10/11 12:59:58 portforward.go:49: Connect success, start forwarding...
2019/10/11 12:59:58 portforward.go:18: Dial to localhost:1080 success!
2019/10/11 12:59:58 portforward.go:28: Dial to :7777 success!
2019/10/11 12:59:58 portforward.go:32: Connect success, start forwarding...
2019/10/11 12:59:58 portforward.go:49: Connect success, start forwarding...
2019/10/11 12:59:58 portforward.go:18: Dial to localhost:1080 success!
2019/10/11 12:59:58 portforward.go:28: Dial to :7777 success!
2019/10/11 12:59:58 portforward.go:32: Connect success, start forwarding...
2019/10/11 12:59:59 portforward.go:49: Connect success, start forwarding...
2019/10/11 12:59:59 portforward.go:18: Dial to localhost:1080 success!
2019/10/11 12:59:59 portforward.go:28: Dial to :7777 success!
2019/10/11 12:59:59 portforward.go:32: Connect success, start forwarding...
2019/10/11 13:00:02 portforward.go:49: Connect success, start forwarding...
2019/10/11 13:00:02 portforward.go:18: Dial to localhost:1080 success!
2019/10/11 13:00:02 portforward.go:28: Dial to :7777 success!
2019/10/11 13:00:02 portforward.go:32: Connect success, start forwarding...
2019/10/11 13:00:02 portforward.go:49: Connect success, start forwarding...
2019/10/11 13:00:02 portforward.go:18: Dial to localhost:1080 success!
2019/10/11 13:00:02 portforward.go:28: Dial to :7777 success!
2019/10/11 13:00:02 portforward.go:32: Connect success, start forwarding...
2019/10/11 13:00:03 portforward.go:49: Connect success, start forwarding...
2019/10/11 13:00:03 portforward.go:18: Dial to localhost:1080 success!
2019/10/11 13:00:03 portforward.go:28: Dial to :7777 success!
2019/10/11 13:00:03 portforward.go:32: Connect success, start forwarding...
2019/10/11 13:00:03 portforward.go:49: Connect success, start forwarding...
2019/10/11 13:00:03 portforward.go:18: Dial to localhost:1080 success!
2019/10/11 13:00:03 portforward.go:28: Dial to :7777 success!
2019/10/11 13:00:03 portforward.go:32: Connect success, start forwarding...
2019/10/11 13:03:24 portforward.go:49: Connect success, start forwarding...
2019/10/11 13:03:24 portforward.go:18: Dial to localhost:1080 success!
2019/10/11 13:03:24 portforward.go:28: Dial to :7777 success!
2019/10/11 13:03:24 portforward.go:32: Connect success, start forwarding...
2019/10/11 13:03:24 portforward.go:49: Connect success, start forwarding...
2019/10/11 13:03:25 portforward.go:18: Dial to localhost:1080 success!
2019/10/11 13:03:25 portforward.go:28: Dial to :7777 success!
2019/10/11 13:03:25 portforward.go:32: Connect success, start forwarding...
2019/10/11 13:03:25 portforward.go:49: Connect success, start forwarding...
2019/10/11 13:03:25 portforward.go:18: Dial to localhost:1080 success!
2019/10/11 13:03:25 portforward.go:28: Dial to :7777 success!
2019/10/11 13:03:25 portforward.go:32: Connect success, start forwarding...
2019/10/11 13:03:25 portforward.go:49: Connect success, start forwarding...
2019/10/11 13:03:26 portforward.go:18: Dial to localhost:1080 success!
2019/10/11 13:03:26 portforward.go:28: Dial to :7777 success!
2019/10/11 13:03:26 portforward.go:32: Connect success, start forwarding...
2019/10/11 13:05:11 portforward.go:49: Connect success, start forwarding...
2019/10/11 13:05:11 portforward.go:18: Dial to localhost:1080 success!
2019/10/11 13:05:11 portforward.go:28: Dial to :7777 success!
2019/10/11 13:05:11 portforward.go:32: Connect success, start forwarding...
2019/10/11 13:05:11 portforward.go:49: Connect success, start forwarding...
2019/10/11 13:05:12 portforward.go:18: Dial to localhost:1080 success!
2019/10/11 13:05:12 portforward.go:28: Dial to :7777 success!
2019/10/11 13:05:12 portforward.go:32: Connect success, start forwarding...
2019/10/11 13:05:13 portforward.go:49: Connect success, start forwarding...
2019/10/11 13:05:13 portforward.go:18: Dial to localhost:1080 success!
2019/10/11 13:05:13 portforward.go:28: Dial to :7777 success!
2019/10/11 13:05:13 portforward.go:32: Connect success, start forwarding...
2019/10/11 13:05:13 portforward.go:49: Connect success, start forwarding...
2019/10/11 13:05:14 portforward.go:18: Dial to localhost:1080 success!
2019/10/11 13:05:14 portforward.go:28: Dial to :7777 success!
2019/10/11 13:05:14 portforward.go:32: Connect success, start forwarding...
2019/10/11 13:05:14 portforward.go:49: Connect success, start forwarding...
2019/10/11 13:05:14 portforward.go:18: Dial to localhost:1080 success!
2019/10/11 13:05:14 portforward.go:28: Dial to :7777 success!
2019/10/11 13:05:14 portforward.go:32: Connect success, start forwarding...
2019/10/11 13:05:14 portforward.go:49: Connect success, start forwarding...
2019/10/11 13:05:14 portforward.go:18: Dial to localhost:1080 success!
2019/10/11 13:05:14 portforward.go:28: Dial to :7777 success!
2019/10/11 13:05:14 portforward.go:32: Connect success, start forwarding...
2019/10/11 13:05:26 portforward.go:18: Dial to localhost:1080 success!
2019/10/11 18:02:50 socks5.go:17: listen port at 8848
2019/10/11 18:03:44 socks5.go:25: Client accepted!
2019/10/11 18:03:44 socks5.go:25: Client accepted!
2019/10/11 18:03:44 socks5.go:25: Client accepted!
2019/10/11 18:05:27 socks5.go:17: listen port at 8848
2019/10/11 18:05:27 socks5.go:25: Client accepted!
2019/10/11 18:05:30 socks5.go:25: Client accepted!
2019/10/11 18:05:30 socks5.go:25: Client accepted!
2019/10/11 18:05:30 socks5.go:25: Client accepted!
2019/10/11 18:05:33 socks5.go:25: Client accepted!
2019/10/11 18:05:33 socks5.go:25: Client accepted!
2019/10/11 18:05:33 socks5.go:25: Client accepted!
2019/10/11 18:05:33 socks5.go:25: Client accepted!
2019/10/11 18:05:33 socks5.go:25: Client accepted!
2019/10/11 18:05:33 socks5.go:25: Client accepted!
2019/10/11 18:05:33 socks5.go:25: Client accepted!
2019/10/11 18:05:33 socks5.go:25: Client accepted!
2019/10/11 18:05:33 socks5.go:25: Client accepted!
2019/10/11 18:05:34 socks5.go:25: Client accepted!
2019/10/11 18:05:34 socks5.go:25: Client accepted!
2019/10/11 18:05:35 socks5.go:25: Client accepted!
2019/10/11 18:05:35 socks5.go:25: Client accepted!
2019/10/11 18:05:35 socks5.go:25: Client accepted!
2019/10/11 18:05:35 socks5.go:25: Client accepted!
2019/10/11 18:05:48 error_utils.go:18: request to the target server failed! dial tcp 74.125.204.188:5228: connectex: A connection attempt failed because the connected party did not properly respond after a period of time, or established connection failed because connected host has failed to respond.
2019/10/11 18:05:50 socks5.go:25: Client accepted!
2019/10/11 18:05:55 error_utils.go:18: request to the target server failed! dial tcp 172.217.24.14:443: connectex: A connection attempt failed because the connected party did not properly respond after a period of time, or established connection failed because connected host has failed to respond.
2019/10/11 18:06:49 socks5.go:25: Client accepted!
2019/10/11 18:07:10 error_utils.go:18: request to the target server failed! dial tcp 172.217.24.14:443: connectex: A connection attempt failed because the connected party did not properly respond after a period of time, or established connection failed because connected host has failed to respond.
2019/10/11 18:07:35 socks5.go:25: Client accepted!
2019/10/11 18:08:41 socks5.go:25: Client accepted!
2019/10/11 18:09:02 error_utils.go:18: request to the target server failed! dial tcp 172.217.27.142:443: connectex: A connection attempt failed because the connected party did not properly respond after a period of time, or established connection failed because connected host has failed to respond.
2019/10/11 18:12:18 net_utils.go:14: Listen tcp at: 8848
2019/10/11 18:12:19 socks5.go:22: Client accepted!
2019/10/11 18:12:19 socks5.go:43: start request live.github.com:443
2019/10/11 18:12:19 socks5.go:22: Client accepted!
2019/10/11 18:12:19 socks5.go:43: start request mtalk.google.com:5228
2019/10/11 18:12:19 socks5.go:22: Client accepted!
2019/10/11 18:12:19 socks5.go:43: start request live.github.com:443
2019/10/11 18:12:20 socks5.go:22: Client accepted!
2019/10/11 18:12:20 socks5.go:43: start request lp-push-server-543.lastpass.com:443
2019/10/11 18:12:35 socks5.go:22: Client accepted!
2019/10/11 18:12:35 socks5.go:22: Client accepted!
2019/10/11 18:12:35 socks5.go:43: start request www.zhihu.com:443
2019/10/11 18:12:35 socks5.go:43: start request static.zhihu.com:443
2019/10/11 18:12:35 socks5.go:22: Client accepted!
2019/10/11 18:12:35 socks5.go:43: start request unpkg.zhimg.com:443
2019/10/11 18:12:36 socks5.go:22: Client accepted!
2019/10/11 18:12:36 socks5.go:22: Client accepted!
2019/10/11 18:12:36 socks5.go:43: start request pic2.zhimg.com:443
2019/10/11 18:12:36 socks5.go:43: start request pic3.zhimg.com:443
2019/10/11 18:12:36 socks5.go:22: Client accepted!
2019/10/11 18:12:36 socks5.go:22: Client accepted!
2019/10/11 18:12:36 socks5.go:43: start request pic1.zhimg.com:443
2019/10/11 18:12:36 socks5.go:43: start request pic4.zhimg.com:443
2019/10/11 18:12:36 socks5.go:22: Client accepted!
2019/10/11 18:12:36 socks5.go:22: Client accepted!
2019/10/11 18:12:36 socks5.go:43: start request pic4.zhimg.com:443
2019/10/11 18:12:36 socks5.go:43: start request pic4.zhimg.com:443
2019/10/11 18:12:36 socks5.go:22: Client accepted!
2019/10/11 18:17:08 net_utils.go:14: Listen tcp at: 8848
2019/10/11 18:17:18 socks5.go:22: Client accepted!
2019/10/11 18:17:18 socks5.go:22: Client accepted!
2019/10/11 18:17:18 socks5.go:51: start request www.zhihu.com:443
2019/10/11 18:17:18 socks5.go:51: start request static.zhihu.com:443
2019/10/11 18:17:19 socks5.go:22: Client accepted!
2019/10/11 18:17:19 socks5.go:22: Client accepted!
2019/10/11 18:17:19 socks5.go:51: start request pic4.zhimg.com:443
2019/10/11 18:17:19 socks5.go:51: start request unpkg.zhimg.com:443
2019/10/11 18:17:19 socks5.go:22: Client accepted!
2019/10/11 18:17:19 socks5.go:51: start request pic3.zhimg.com:443
2019/10/11 18:17:19 socks5.go:22: Client accepted!
2019/10/11 18:17:19 socks5.go:51: start request hm.baidu.com:443
2019/10/11 18:17:20 socks5.go:22: Client accepted!
2019/10/11 18:17:20 socks5.go:51: start request unpkg.zhimg.com:443
2019/10/11 18:17:20 socks5.go:22: Client accepted!
2019/10/11 18:17:20 socks5.go:51: start request mqtt-web.zhihu.com:443
2019/10/11 18:17:20 socks5.go:22: Client accepted!
2019/10/11 18:17:20 socks5.go:51: start request lp-push-server-543.lastpass.com:443
2019/10/11 18:17:21 socks5.go:22: Client accepted!
2019/10/11 18:17:21 socks5.go:51: start request zhihu-web-analytics.zhihu.com:443
2019/10/11 18:17:30 socks5.go:22: Client accepted!
2019/10/11 18:17:30 socks5.go:51: start request clients4.google.com:443
2019/10/11 18:17:51 error_utils.go:18: request to the target server failed! dial tcp 172.217.160.110:443: connectex: A connection attempt failed because the connected party did not properly respond after a period of time, or established connection failed because connected host has failed to respond.
2019/10/11 18:18:11 socks5.go:22: Client accepted!
2019/10/11 18:18:11 socks5.go:51: start request static.zhihu.com:443
2019/10/11 18:18:11 socks5.go:22: Client accepted!
2019/10/11 18:18:11 socks5.go:51: start request hm.baidu.com:443
2019/10/11 18:18:12 socks5.go:22: Client accepted!
2019/10/11 18:18:12 socks5.go:51: start request hm.baidu.com:443
2019/10/11 18:18:12 socks5.go:22: Client accepted!
2019/10/11 18:18:12 socks5.go:51: start request mqtt-web.zhihu.com:443
2019/10/11 18:18:19 socks5.go:22: Client accepted!
2019/10/11 18:18:19 socks5.go:22: Client accepted!
2019/10/11 18:18:19 socks5.go:51: start request www.zhihu.com:443
2019/10/11 18:18:19 socks5.go:51: start request static.zhihu.com:443
2019/10/11 18:18:20 socks5.go:22: Client accepted!
2019/10/11 18:18:20 socks5.go:22: Client accepted!
2019/10/11 18:18:20 socks5.go:51: start request pic2.zhimg.com:443
2019/10/11 18:18:20 socks5.go:51: start request pic1.zhimg.com:443
2019/10/11 18:18:21 socks5.go:22: Client accepted!
2019/10/11 18:18:21 socks5.go:51: start request mqtt-web.zhihu.com:443
2019/10/11 18:18:45 socks5.go:22: Client accepted!
2019/10/11 18:18:45 socks5.go:51: start request clients4.google.com:443
2019/10/11 18:19:06 error_utils.go:18: request to the target server failed! dial tcp 172.217.27.142:443: connectex: A connection attempt failed because the connected party did not properly respond after a period of time, or established connection failed because connected host has failed to respond.
2019/10/11 18:19:40 socks5.go:22: Client accepted!
2019/10/11 18:19:40 socks5.go:51: start request mtalk.google.com:5228
2019/10/11 18:20:50 socks5.go:22: Client accepted!
2019/10/11 18:20:50 socks5.go:51: start request pollserver.lastpass.com:443
2019/10/11 18:22:41 socks5.go:22: Client accepted!
2019/10/11 18:22:41 socks5.go:51: start request clients4.google.com:443
2019/10/11 18:23:02 error_utils.go:18: request to the target server failed! dial tcp 172.217.27.142:443: connectex: A connection attempt failed because the connected party did not properly respond after a period of time, or established connection failed because connected host has failed to respond.
2019/10/11 18:23:30 socks5.go:22: Client accepted!
2019/10/11 18:23:30 socks5.go:51: start request pic1.zhimg.com:443
2019/10/11 18:23:30 socks5.go:22: Client accepted!
2019/10/11 18:23:30 socks5.go:51: start request zhihu-web-analytics.zhihu.com:443
2019/10/11 18:23:34 socks5.go:22: Client accepted!
2019/10/11 18:23:34 socks5.go:51: start request clients4.google.com:443
2019/10/11 18:23:55 error_utils.go:18: request to the target server failed! dial tcp 172.217.27.142:443: connectex: A connection attempt failed because the connected party did not properly respond after a period of time, or established connection failed because connected host has failed to respond.
2019/10/11 18:24:10 socks5.go:22: Client accepted!
2019/10/11 18:24:10 socks5.go:51: start request www.zhihu.com:443
2019/10/11 18:24:11 socks5.go:22: Client accepted!
2019/10/11 18:24:11 socks5.go:51: start request video.zhihu.com:443
2019/10/11 18:24:11 socks5.go:22: Client accepted!
2019/10/11 18:24:11 socks5.go:22: Client accepted!
2019/10/11 18:24:11 socks5.go:22: Client accepted!
2019/10/11 18:24:11 socks5.go:51: start request static.zhihu.com:443
2019/10/11 18:24:11 socks5.go:51: start request unpkg.zhimg.com:443
2019/10/11 18:24:11 socks5.go:51: start request static.zhihu.com:443
2019/10/11 18:24:12 socks5.go:22: Client accepted!
2019/10/11 18:24:12 socks5.go:51: start request lens.zhihu.com:443
2019/10/11 18:24:12 socks5.go:22: Client accepted!
2019/10/11 18:24:12 socks5.go:51: start request lens.zhihu.com:443
2019/10/11 18:24:12 socks5.go:22: Client accepted!
2019/10/11 18:24:12 socks5.go:51: start request vdn2.vzuu.com:443
2019/10/11 18:24:17 socks5.go:22: Client accepted!
2019/10/11 18:24:17 socks5.go:51: start request pic3.zhimg.com:443
2019/10/11 18:24:21 socks5.go:22: Client accepted!
2019/10/11 18:24:21 socks5.go:51: start request vdn2.vzuu.com:443
2019/10/11 18:24:35 socks5.go:22: Client accepted!
2019/10/11 18:24:35 socks5.go:51: start request pic2.zhimg.com:443
2019/10/11 18:24:37 socks5.go:22: Client accepted!
2019/10/11 18:24:37 socks5.go:51: start request pic4.zhimg.com:443
2019/10/11 18:24:49 socks5.go:22: Client accepted!
2019/10/11 18:24:49 socks5.go:51: start request www.zhihu.com:443
2019/10/11 18:24:59 socks5.go:22: Client accepted!
2019/10/11 18:24:59 socks5.go:51: start request live.github.com:443
2019/10/11 18:25:00 socks5.go:22: Client accepted!
2019/10/11 18:25:00 socks5.go:51: start request clients1.google.com:443
2019/10/11 18:25:02 socks5.go:22: Client accepted!
2019/10/11 18:25:02 socks5.go:51: start request clients4.google.com:443
2019/10/11 18:25:21 error_utils.go:18: request to the target server failed! dial tcp 172.217.27.142:443: connectex: A connection attempt failed because the connected party did not properly respond after a period of time, or established connection failed because connected host has failed to respond.
2019/10/11 18:25:21 socks5.go:22: Client accepted!
2019/10/11 18:25:21 socks5.go:51: start request www.v2ex.com:443
2019/10/11 18:25:22 socks5.go:22: Client accepted!
2019/10/11 18:25:23 socks5.go:51: start request hm.baidu.com:443
2019/10/11 18:25:23 socks5.go:22: Client accepted!
2019/10/11 18:25:23 socks5.go:51: start request cdn.v2ex.com:443
2019/10/11 18:25:23 socks5.go:22: Client accepted!
2019/10/11 18:25:23 socks5.go:22: Client accepted!
2019/10/11 18:25:23 socks5.go:51: start request cdn.v2ex.com:443
2019/10/11 18:25:23 socks5.go:51: start request cdn.v2ex.com:443
2019/10/11 18:25:23 socks5.go:22: Client accepted!
2019/10/11 18:25:23 socks5.go:51: start request cdn.v2ex.com:443
2019/10/11 18:25:23 socks5.go:22: Client accepted!
2019/10/11 18:25:23 socks5.go:51: start request cdn.v2ex.com:443
2019/10/11 18:25:23 socks5.go:22: Client accepted!
2019/10/11 18:25:23 socks5.go:51: start request cdn.v2ex.com:443
2019/10/11 18:25:23 socks5.go:22: Client accepted!
2019/10/11 18:25:23 socks5.go:51: start request www.google-analytics.com:443
2019/10/11 18:25:23 error_utils.go:18: request to the target server failed! dial tcp 172.217.27.142:443: connectex: A connection attempt failed because the connected party did not properly respond after a period of time, or established connection failed because connected host has failed to respond.
2019/10/11 18:25:23 socks5.go:22: Client accepted!
2019/10/11 18:25:23 socks5.go:51: start request stats.g.doubleclick.net:443
2019/10/11 18:25:30 socks5.go:22: Client accepted!
2019/10/11 18:25:30 socks5.go:51: start request static.v2ex.com:443
2019/10/11 18:25:33 socks5.go:22: Client accepted!
2019/10/11 18:25:33 socks5.go:51: start request clients4.google.com:443
2019/10/11 18:25:54 error_utils.go:18: request to the target server failed! dial tcp 172.217.27.142:443: connectex: A connection attempt failed because the connected party did not properly respond after a period of time, or established connection failed because connected host has failed to respond.
2019/10/11 18:27:05 socks5.go:22: Client accepted!
2019/10/11 18:27:05 socks5.go:51: start request clients4.google.com:443
2019/10/11 18:27:19 socks5.go:22: Client accepted!
2019/10/11 18:27:19 socks5.go:51: start request clients4.google.com:443
2019/10/11 18:27:26 error_utils.go:18: request to the target server failed! dial tcp 172.217.24.14:443: connectex: A connection attempt failed because the connected party did not properly respond after a period of time, or established connection failed because connected host has failed to respond.
2019/10/11 18:27:40 error_utils.go:18: request to the target server failed! dial tcp 172.217.24.14:443: connectex: A connection attempt failed because the connected party did not properly respond after a period of time, or established connection failed because connected host has failed to respond.
2019/10/11 18:29:39 socks5.go:22: Client accepted!
2019/10/11 18:29:39 socks5.go:22: Client accepted!
2019/10/11 18:29:39 socks5.go:51: start request www.google.com:443
2019/10/11 18:29:39 socks5.go:51: start request www.gstatic.com:443
2019/10/11 18:29:42 socks5.go:22: Client accepted!
2019/10/11 18:29:42 socks5.go:51: start request clients4.google.com:443
2019/10/11 18:30:00 error_utils.go:18: request to the target server failed! dial tcp 69.171.245.49:443: connectex: A connection attempt failed because the connected party did not properly respond after a period of time, or established connection failed because connected host has failed to respond.
2019/10/11 18:30:03 error_utils.go:18: request to the target server failed! dial tcp 172.217.24.14:443: connectex: A connection attempt failed because the connected party did not properly respond after a period of time, or established connection failed because connected host has failed to respond.
2019/10/11 19:04:28 server.go:20: [C:\Users\Asche\AppData\Local\Temp\___go_build_github_com_asche910_flynet_cmd_server.exe -addr 127 -sdf sdfsfdsf]
2019/10/11 19:04:28 net_utils.go:14: listen tcp at: 8848
2019/10/11 19:05:02 server.go:21: [-addr 127 -sdf sdfsfdsf]
2019/10/11 19:05:02 net_utils.go:14: listen tcp at: 8848
2019/10/11 19:05:39 server.go:21: [-addr 127 -sdf sdfsfdsf]
2019/10/11 19:05:39 server.go:22: 4
2019/10/11 19:05:39 net_utils.go:14: listen tcp at: 8848
2019/10/11 19:45:22 server.go:40: args length 4
2019/10/11 19:45:22 net_utils.go:14: listen tcp at: 8848
2019/10/11 19:47:02 server.go:40: args length 4
2019/10/11 19:47:02 net_utils.go:14: listen tcp at: 8848
2019/10/11 19:47:32 server.go:40: args length 4
2019/10/11 19:47:32 net_utils.go:14: listen tcp at: 8848
2019/10/11 19:47:58 server.go:40: args length 4
2019/10/11 19:47:58 net_utils.go:14: listen tcp at: 8848
2019/10/11 19:48:15 server.go:40: args length 4
2019/10/11 19:48:15 net_utils.go:14: listen tcp at: 8848
2019/10/11 19:51:24 server.go:41: args length 4
2019/10/11 19:51:24 net_utils.go:14: listen tcp at: 8848
2019/10/11 19:55:06 server.go:44: args length 4
2019/10/11 19:55:06 net_utils.go:14: listen tcp at: 8848
2019/10/11 19:57:03 server.go:44: args length 4
2019/10/11 19:57:03 net_utils.go:14: listen tcp at: 8848
2019/10/11 21:05:35 server.go:52: args length 4
2019/10/11 21:05:35 server.go:110: flynet: please input correct command!
2019/10/11 21:06:18 server.go:52: args length 4
